osxphotos crash log
Created: 2026-06-14 22:45:36.151825
osxphotos version: 0.76.0
Platform: macOS-26.5.1-arm64-arm-64bit-Mach-O
Python version: 3.14.2 (v3.14.2:df793163d58, Dec  5 2025, 12:18:06) [Clang 16.0.0 (clang-1600.0.26.6)]
sys.argv: ['/Library/Frameworks/Python.framework/Versions/3.14/bin/osxphotos', 'export', '/tmp/seoul-preview', '--uuid', '5303DEFB-EDE1-49E3-84ED-9047FF7BD6A4', '--uuid', '126639DB-C3B6-41D4-B3D0-770A0BE52F5E', '--uuid', 'F91E2673-1AA6-4A6E-9BDB-2AF5E2FFC324', '--uuid', 'FAFD65F9-B053-4158-B5CB-715C1E45D3CA', '--uuid', 'CE22A69F-594E-48BA-854B-A9CA435F3A47', '--skip-edited']
CRASH_DATA:
locals: {'dest': '/tmp/seoul-preview', 'db': None, 'add_exported_to_album': None, 'add_missing_to_album': None, 'add_skipped_to_album': None, 'added_after': None, 'added_before': None, 'added_in_last': None, 'album': (), 'album_keyword': False, 'alt_db': None, 'alt_copy': False, 'append': False, 'fix_orientation': False, 'beta': False, 'burst': False, 'checkpoint': None, 'cleanup': False, 'cleanup_command': (), 'cleanup_command_error': None, 'cloudasset': False, 'config_only': False, 'convert_to_jpeg': False, 'crash_after': None, 'current_name': False, 'deleted': False, 'deleted_only': False, 'description': (), 'description_template': None, 'directory': None, 'download_missing': False, 'dry_run': False, 'duplicate': False, 'edited': False, 'edited_suffix': None, 'exif': (), 'exiftool': False, 'exiftool_merge_keywords': False, 'exiftool_merge_persons': False, 'exiftool_option': (), 'exiftool_path': None, 'export_as_hardlink': False, 'export_by_date': False, 'exportdb': None, 'external_edit': False, 'favorite': False, 'favorite_rating': False, 'filename_template': None, 'finder_tag_keywords': False, 'finder_tag_template': (), 'folder': (), 'force_update': False, 'from_date': None, 'from_time': None, 'has_comment': False, 'has_likes': False, 'has_raw': False, 'hdr': False, 'hidden': False, 'ignore_case': False, 'ignore_date_modified': False, 'ignore_exportdb': False, 'ignore_signature': False, 'in_album': False, 'incloud': False, 'is_reference': False, 'jpeg_ext': None, 'jpeg_quality': None, 'keep': (), 'keyword': (), 'keyword_template': (), 'label': (), 'limit': None, 'live': False, 'load_config': None, 'location': False, 'max_size': None, 'min_size': None, 'missing': False, 'name': (), 'newest_first': False, 'no_comment': False, 'no_description': False, 'no_exportdb': False, 'no_keyword': False, 'no_likes': False, 'no_location': False, 'no_place': False, 'no_progress': False, 'no_title': False, 'not_burst': False, 'not_cloudasset': False, 'not_edited': False, 'not_favorite': False, 'not_hdr': False, 'not_hidden': False, 'not_in_album': False, 'not_incloud': False, 'not_live': False, 'not_missing': False, 'not_panorama': False, 'not_portrait': False, 'not_reference': False, 'not_screenshot': False, 'not_screen_recording': False, 'not_selfie': False, 'not_shared': False, 'not_slow_mo': False, 'not_time_lapse': False, 'only_movies': False, 'only_new': False, 'only_photos': False, 'original_suffix': None, 'overwrite': False, 'panorama': False, 'person': (), 'person_keyword': False, 'place': (), 'portrait': False, 'post_command': (), 'post_command_error': None, 'post_function': (), 'pre_load': False, 'preview': False, 'preview_if_missing': False, 'preview_suffix': None, 'print_template': (), 'query_eval': (), 'query_function': (), 'ramdb': False, 'regex': (), 'replace_keywords': False, 'report': None, 'retry': None, 'retry_nas_alias': None, 'retry_wait': None, 'save_config': None, 'screenshot': False, 'screen_recording': False, 'selfie': False, 'shared': False, 'export_aae': False, 'sidecar': (), 'sidecar_drop_ext': False, 'sidecar_template': (), 'skip_bursts': False, 'skip_edited': True, 'skip_live': False, 'skip_original_if_edited': False, 'skip_raw': False, 'skip_raw_jpeg': False, 'skip_uuid': (), 'skip_uuid_from_file': None, 'slow_mo': False, 'strip': False, 'theme': None, 'time_lapse': False, 'timestamp': False, 'title': (), 'tmpdir': None, 'to_date': None, 'to_time': None, 'touch_file': False, 'update': False, 'update_errors': False, 'use_photokit': False, 'use_photos_export': False, 'uti': None, 'uuid': ('5303DEFB-EDE1-49E3-84ED-9047FF7BD6A4', '126639DB-C3B6-41D4-B3D0-770A0BE52F5E', 'F91E2673-1AA6-4A6E-9BDB-2AF5E2FFC324', 'FAFD65F9-B053-4158-B5CB-715C1E45D3CA', 'CE22A69F-594E-48BA-854B-A9CA435F3A47'), 'uuid_from_file': None, 'verbose_flag': 0, 'xattr_template': (), 'year': (), 'syndicated': False, 'not_syndicated': False, 'saved_to_library': False, 'not_saved_to_library': False, 'shared_moment': False, 'not_shared_moment': False, 'shared_library': False, 'not_shared_library': False, 'selected': False, 'ctx': <click.core.Context object at 0x10ea1a210>, 'cli_obj': <osxphotos.cli.cli.CLI_Obj object at 0x10ea20ad0>}
osxphotos version: 0.76.0
Error: 
Traceback (most recent call last):
  File "/Library/Frameworks/Python.framework/Versions/3.14/lib/python3.14/site-packages/osxphotos/crash_reporter.py", line 79, in wrapped
    return func(*args, **kwargs)
  File "/Library/Frameworks/Python.framework/Versions/3.14/lib/python3.14/site-packages/osxphotos/cli/export.py", line 1172, in export
    return_code = export_cli(**locals())
  File "/Library/Frameworks/Python.framework/Versions/3.14/lib/python3.14/site-packages/osxphotos/cli/export.py", line 1844, in export_cli
    elif not click.confirm("Do you want to continue?"):
             ~~~~~~~~~~~~~^^^^^^^^^^^^^^^^^^^^^^^^^^^^
  File "/Library/Frameworks/Python.framework/Versions/3.14/lib/python3.14/site-packages/click/termui.py", line 285, in confirm
    raise Abort() from None
click.exceptions.Abort
